<?xml version="1.0" encoding="UTF-8"?>
<!-- Generated by org.testng.reporters.JUnitReportReporter -->
<testsuite hostname="nimisha" failures="0" tests="1" name="testpkg.Micromedixtest" time="67.521" errors="0" timestamp="2024-04-03T15:47:12 IST" skipped="0">
  <testcase classname="testpkg.Micromedixtest" name="saucedemo" time="67.521"/>
</testsuite> <!-- testpkg.Micromedixtest -->
